<?xml version="1.0" encoding="UTF-8"?>
<testng-results skipped="0" failed="1" ignored="0" total="3" passed="2">
  <reporter-output>
  </reporter-output>
  <suite name="Default suite" duration-ms="8136" started-at="2019-10-12T11:00:35Z" finished-at="2019-10-12T11:00:43Z">
    <groups>
    </groups>
    <test name="Default test" duration-ms="8136" started-at="2019-10-12T11:00:35Z" finished-at="2019-10-12T11:00:43Z">
      <class name="rest_assured.rest_assured.Twitter_APIs_Test">
        <test-method status="PASS" signature="commonService()[pri:0, instance:rest_assured.rest_assured.Twitter_APIs_Test@7dc7cbad]" name="commonService" is-config="true" duration-ms="21" started-at="2019-10-12T16:30:35Z" finished-at="2019-10-12T16:30:35Z">
          <reporter-output>
          </reporter-output>
        </test-method> <!-- commonService -->
        <test-method status="PASS" signature="getLatestTweet()[pri:1, instance:rest_assured.rest_assured.Twitter_APIs_Test@7dc7cbad]" name="getLatestTweet" duration-ms="5827" started-at="2019-10-12T16:30:35Z" finished-at="2019-10-12T16:30:41Z">
          <reporter-output>
          </reporter-output>
        </test-method> <!-- getLatestTweet -->
        <test-method status="PASS" signature="createTweet()[pri:2, instance:rest_assured.rest_assured.Twitter_APIs_Test@7dc7cbad]" name="createTweet" duration-ms="746" started-at="2019-10-12T16:30:41Z" finished-at="2019-10-12T16:30:42Z">
          <reporter-output>
          </reporter-output>
        </test-method> <!-- createTweet -->
        <test-method status="FAIL" signature="E2E()[pri:3, instance:rest_assured.rest_assured.Twitter_APIs_Test@7dc7cbad]" name="E2E" duration-ms="1481" started-at="2019-10-12T16:30:42Z" finished-at="2019-10-12T16:30:43Z">
          <exception class="java.lang.AssertionError">
            <message>
              <![CDATA[The truncated value is true! expected [true] but found [false]]]>
            </message>
            <full-stacktrace>
              <![CDATA[java.lang.AssertionError: The truncated value is true! expected [true] but found [false]
	at org.testng.Assert.fail(Assert.java:93)
	at org.testng.Assert.failNotEquals(Assert.java:512)
	at org.testng.Assert.assertTrue(Assert.java:41)
	at rest_assured.rest_assured.Twitter_APIs_Test.E2E(Twitter_APIs_Test.java:105)
	at sun.reflect.NativeMethodAccessorImpl.invoke0(Native Method)
	at sun.reflect.NativeMethodAccessorImpl.invoke(NativeMethodAccessorImpl.java:62)
	at sun.reflect.DelegatingMethodAccessorImpl.invoke(DelegatingMethodAccessorImpl.java:43)
	at java.lang.reflect.Method.invoke(Method.java:498)
	at org.testng.internal.MethodInvocationHelper.invokeMethod(MethodInvocationHelper.java:108)
	at org.testng.internal.Invoker.invokeMethod(Invoker.java:661)
	at org.testng.internal.Invoker.invokeTestMethod(Invoker.java:869)
	at org.testng.internal.Invoker.invokeTestMethods(Invoker.java:1193)
	at org.testng.internal.TestMethodWorker.invokeTestMethods(TestMethodWorker.java:126)
	at org.testng.internal.TestMethodWorker.run(TestMethodWorker.java:109)
	at org.testng.TestRunner.privateRun(TestRunner.java:744)
	at org.testng.TestRunner.run(TestRunner.java:602)
	at org.testng.SuiteRunner.runTest(SuiteRunner.java:380)
	at org.testng.SuiteRunner.runSequentially(SuiteRunner.java:375)
	at org.testng.SuiteRunner.privateRun(SuiteRunner.java:340)
	at org.testng.SuiteRunner.run(SuiteRunner.java:289)
	at org.testng.SuiteRunnerWorker.runSuite(SuiteRunnerWorker.java:52)
	at org.testng.SuiteRunnerWorker.run(SuiteRunnerWorker.java:86)
	at org.testng.TestNG.runSuitesSequentially(TestNG.java:1301)
	at org.testng.TestNG.runSuitesLocally(TestNG.java:1226)
	at org.testng.TestNG.runSuites(TestNG.java:1144)
	at org.testng.TestNG.run(TestNG.java:1115)
	at org.testng.remote.AbstractRemoteTestNG.run(AbstractRemoteTestNG.java:132)
	at org.testng.remote.RemoteTestNG.initAndRun(RemoteTestNG.java:230)
	at org.testng.remote.RemoteTestNG.main(RemoteTestNG.java:76)
]]>
            </full-stacktrace>
          </exception> <!-- java.lang.AssertionError -->
          <reporter-output>
          </reporter-output>
        </test-method> <!-- E2E -->
      </class> <!-- rest_assured.rest_assured.Twitter_APIs_Test -->
    </test> <!-- Default test -->
  </suite> <!-- Default suite -->
</testng-results>
